======================================================================
  FIX CONFERENCE TOURNAMENT + PYTHAGOREAN RESIDUAL
======================================================================

  Loading data...
Fetching from Supabase: https://lxaaqtqvlwjvyuedyauo.supabase.co/rest/v1/ncaa_historical?select=game_id,game_date,season,home_ppg,away_ppg,home_opp_ppg,away_opp_ppg,home_wins,away_wins,home_losses,away_losses,is_ncaa_tournament,is_conference_tournament,is_postseason,neutral_site,home_pyth_residual,away_pyth_residual&order=season.asc&limit=250&offset=0 (rows 0-249)
Error response: {"message":"No API key found in request","hint":"No `apikey` request header or url param was found."}
Total rows fetched: 0
  Loaded 0 games in 0s

======================================================================
  FIXING IS_CONFERENCE_TOURNAMENT
======================================================================
Traceback (most recent call last):
  File "/Users/peterkm2/Desktop/sports-predictor-api/fix_conf_tourney_and_pyth.py", line 282, in <module>
    main()
    ~~~~^^
  File "/Users/peterkm2/Desktop/sports-predictor-api/fix_conf_tourney_and_pyth.py", line 276, in main
    fix_conf_tourney(df, check_only=args.check)
    ~~~~~~~~~~~~~~~~^^^^^^^^^^^^^^^^^^^^^^^^^^^
  File "/Users/peterkm2/Desktop/sports-predictor-api/fix_conf_tourney_and_pyth.py", line 133, in fix_conf_tourney
    march_mask = df["game_date"].str.contains("-(03|04)-", na=False)
                 ~~^^^^^^^^^^^^^
  File "/Library/Frameworks/Python.framework/Versions/3.13/lib/python3.13/site-packages/pandas/core/frame.py", line 4378, in __getitem__
    indexer = self.columns.get_loc(key)
  File "/Library/Frameworks/Python.framework/Versions/3.13/lib/python3.13/site-packages/pandas/core/indexes/range.py", line 525, in get_loc
    raise KeyError(key)
KeyError: 'game_date'
