======================================================================
  BACKFILL HISTORICAL ODDS (The Odds API)
======================================================================

  Loading game dates from Supabase...
  Loaded 5000 rows...
  Loaded 10000 rows...
  Loaded 15000 rows...
  Loaded 20000 rows...
  Loaded 25000 rows...
  Loaded 30000 rows...
  Loaded 35000 rows...
  Loaded 40000 rows...
  Loaded 45000 rows...
  Loaded 50000 rows...
  Loaded 55000 rows...
  Loaded 60000 rows...
Total rows fetched: 64881
  Total game dates: 1561
  Game dates 2024-2025: 302
  Estimated API requests: 604
  Current remaining: ~22,800
  Loaded cache: 41 entries
    20/302 dates | 697 matched | 40 API calls | remaining: 18811
    40/302 dates | 1173 matched | 80 API calls | remaining: 17611
    60/302 dates | 1745 matched | 120 API calls | remaining: 16411
    80/302 dates | 2396 matched | 160 API calls | remaining: 15211
    100/302 dates | 3132 matched | 200 API calls | remaining: 14011
    120/302 dates | 3841 matched | 240 API calls | remaining: 12811
    140/302 dates | 4351 matched | 280 API calls | remaining: 11611
    160/302 dates | 4805 matched | 320 API calls | remaining: 10411
    180/302 dates | 5451 matched | 360 API calls | remaining: 9211
    200/302 dates | 5860 matched | 400 API calls | remaining: 8011
    220/302 dates | 6408 matched | 440 API calls | remaining: 6811
    240/302 dates | 7139 matched | 480 API calls | remaining: 5611
    260/302 dates | 7916 matched | 520 API calls | remaining: 4411
    280/302 dates | 8620 matched | 560 API calls | remaining: 3211
    300/302 dates | 8938 matched | 600 API calls | remaining: 2011
    302/302 dates | 8940 matched | 604 API calls | remaining: 1891

  Total matched games with spread movement: 8940
  Total API requests used: 604

  Sample data:
    2023-11-06 NC State Wolfpack: spread -20.0→-20.5 (mvmt=-0.5)
    2023-11-06 Tulsa Golden Hurricane: spread -8.5→-11.0 (mvmt=-2.5)
    2023-11-06 TCU Horned Frogs: spread -27.0→-27.5 (mvmt=-0.5)
    2023-11-06 UCF Knights: spread -10.0→-10.0 (mvmt=0.0)
    2023-11-06 George Washington Colonials: spread -11.0→-11.0 (mvmt=0.0)
    2023-11-06 North Texas Mean Green: spread -5.0→-4.5 (mvmt=0.5)
    2023-11-06 Tulane Green Wave: spread -17.0→-15.0 (mvmt=2.0)
    2023-11-06 Oklahoma St Cowboys: spread -10.5→-10.5 (mvmt=0.0)
    2023-11-06 CSU Bakersfield Roadrunners: spread -3.0→-4.0 (mvmt=-1.0)
    2023-11-06 Iowa Hawkeyes: spread -19.0→-19.0 (mvmt=0.0)

  Matching to Supabase games...
  Loaded 5000 rows...
  Loaded 10000 rows...
  Loaded 15000 rows...
  Loaded 20000 rows...
  Loaded 25000 rows...
  Loaded 30000 rows...
  Loaded 35000 rows...
  Loaded 40000 rows...
  Loaded 45000 rows...
  Loaded 50000 rows...
  Loaded 55000 rows...
  Loaded 60000 rows...
Total rows fetched: 64881
  Matched to Supabase: 458
  Unmatched: 8482

  Pushing 458 patches...
    Error on 401600255: {"code":"PGRST204","details":null,"hint":null,"message":"Could not find the 'odds_api_spread_close' 
    Error on 401591429: {"code":"PGRST204","details":null,"hint":null,"message":"Could not find the 'odds_api_spread_close' 
    Error on 401576147: {"code":"PGRST204","details":null,"hint":null,"message":"Could not find the 'odds_api_spread_close' 
    458/458 | success:0 errors:458

  PUSH COMPLETE: 0 success, 458 errors

  Done.
