======================================================================
  ROLLING PLAYER AVERAGES (window=10)
======================================================================

  Fetching games...
  Fetched 10000 rows...
  Fetched 20000 rows...
  Fetched 30000 rows...
  Fetched 40000 rows...
  Fetched 50000 rows...
  Fetched 60000 rows...
  Loaded 64881 games

  Computing rolling averages (window=10)...
    10000/64881 | 115416 values filled | 0.1min left
    20000/64881 | 234456 values filled | 0.1min left
    30000/64881 | 353916 values filled | 0.1min left
    40000/64881 | 473328 values filled | 0.0min left
    50000/64881 | 592806 values filled | 0.0min left
    60000/64881 | 712464 values filled | 0.0min left
  Done: 770958 rolling values computed in 7s
  Teams tracked: 1241

  ROLLING AVERAGE COVERAGE:
    home_roll_star1_share                 64,651/64881 (99.6%)
    home_roll_top3_share                  64,651/64881 (99.6%)
    home_roll_bench_share                 64,651/64881 (99.6%)
    home_roll_bench_pts                   64,651/64881 (99.6%)
    home_roll_hhi                         64,651/64881 (99.6%)
    home_roll_players_used                64,651/64881 (99.6%)
    away_roll_star1_share                 63,842/64881 (98.4%)
    away_roll_top3_share                  63,842/64881 (98.4%)
    away_roll_bench_share                 63,842/64881 (98.4%)
    away_roll_bench_pts                   63,842/64881 (98.4%)
    away_roll_hhi                         63,842/64881 (98.4%)
    away_roll_players_used                63,842/64881 (98.4%)

  Saved to rolling_player_avg_w10.csv

  Rows to push: 64690
  Columns: ['home_roll_star1_share', 'home_roll_top3_share', 'home_roll_bench_share', 'home_roll_bench_pts', 'home_roll_hhi', 'home_roll_players_used', 'away_roll_star1_share', 'away_roll_top3_share', 'away_roll_bench_share', 'away_roll_bench_pts', 'away_roll_hhi', 'away_roll_players_used']
  Pushing 64,690 patches to ncaa_historical...
    500/64690 | success:500 errors:0 | 132.2min left
    1000/64690 | success:1000 errors:0 | 131.6min left
    1500/64690 | success:1500 errors:0 | 130.2min left
    2000/64690 | success:2000 errors:0 | 127.3min left
    2500/64690 | success:2500 errors:0 | 123.2min left
    3000/64690 | success:3000 errors:0 | 119.0min left
    3500/64690 | success:3500 errors:0 | 115.9min left
    4000/64690 | success:4000 errors:0 | 113.1min left
    4500/64690 | success:4500 errors:0 | 110.9min left
    5000/64690 | success:5000 errors:0 | 110.2min left
    5500/64690 | success:5500 errors:0 | 110.1min left
    6000/64690 | success:6000 errors:0 | 109.7min left
    6500/64690 | success:6500 errors:0 | 109.6min left
    7000/64690 | success:7000 errors:0 | 109.8min left
    7500/64690 | success:7500 errors:0 | 109.8min left
    8000/64690 | success:8000 errors:0 | 109.3min left
    8500/64690 | success:8500 errors:0 | 108.8min left
    9000/64690 | success:9000 errors:0 | 108.5min left
    9500/64690 | success:9500 errors:0 | 107.8min left
    10000/64690 | success:10000 errors:0 | 107.0min left
    10500/64690 | success:10500 errors:0 | 106.1min left
    11000/64690 | success:11000 errors:0 | 105.3min left
    11500/64690 | success:11500 errors:0 | 104.4min left
    12000/64690 | success:12000 errors:0 | 103.4min left
    12500/64690 | success:12500 errors:0 | 102.4min left
    13000/64690 | success:13000 errors:0 | 101.5min left
    13500/64690 | success:13500 errors:0 | 100.6min left
    14000/64690 | success:14000 errors:0 | 99.6min left
    14500/64690 | success:14500 errors:0 | 98.7min left
    15000/64690 | success:15000 errors:0 | 97.8min left
    15500/64690 | success:15500 errors:0 | 96.8min left
    16000/64690 | success:16000 errors:0 | 95.9min left
    16500/64690 | success:16500 errors:0 | 95.0min left
    17000/64690 | success:17000 errors:0 | 94.0min left
    17500/64690 | success:17500 errors:0 | 93.1min left
    18000/64690 | success:18000 errors:0 | 92.1min left
    18500/64690 | success:18500 errors:0 | 91.1min left
    19000/64690 | success:19000 errors:0 | 90.1min left
    19500/64690 | success:19500 errors:0 | 89.1min left
    20000/64690 | success:20000 errors:0 | 88.2min left
    20500/64690 | success:20500 errors:0 | 87.2min left
    21000/64690 | success:21000 errors:0 | 86.2min left
    21500/64690 | success:21500 errors:0 | 85.3min left
    22000/64690 | success:22000 errors:0 | 84.3min left
    22500/64690 | success:22500 errors:0 | 83.3min left
    23000/64690 | success:23000 errors:0 | 82.4min left
    23500/64690 | success:23500 errors:0 | 81.4min left
    24000/64690 | success:24000 errors:0 | 80.4min left
    24500/64690 | success:24500 errors:0 | 79.4min left
    25000/64690 | success:25000 errors:0 | 78.5min left
    25500/64690 | success:25500 errors:0 | 77.5min left
    26000/64690 | success:26000 errors:0 | 76.6min left
    26500/64690 | success:26500 errors:0 | 75.6min left
    27000/64690 | success:27000 errors:0 | 74.6min left
    27500/64690 | success:27500 errors:0 | 73.6min left
    28000/64690 | success:28000 errors:0 | 72.6min left
    28500/64690 | success:28500 errors:0 | 71.6min left
    29000/64690 | success:29000 errors:0 | 70.6min left
    29500/64690 | success:29500 errors:0 | 69.7min left
    30000/64690 | success:30000 errors:0 | 68.7min left
    30500/64690 | success:30500 errors:0 | 67.7min left
    31000/64690 | success:31000 errors:0 | 66.7min left
    31500/64690 | success:31500 errors:0 | 65.7min left
    32000/64690 | success:32000 errors:0 | 64.8min left
    32500/64690 | success:32500 errors:0 | 63.8min left
    33000/64690 | success:33000 errors:0 | 62.8min left
    33500/64690 | success:33500 errors:0 | 61.8min left
    34000/64690 | success:34000 errors:0 | 60.8min left
    34500/64690 | success:34500 errors:0 | 59.8min left
    35000/64690 | success:35000 errors:0 | 58.8min left
    35500/64690 | success:35500 errors:0 | 57.8min left
    36000/64690 | success:36000 errors:0 | 56.9min left
    36500/64690 | success:36500 errors:0 | 55.9min left
    37000/64690 | success:37000 errors:0 | 54.9min left
    37500/64690 | success:37500 errors:0 | 53.9min left
    38000/64690 | success:38000 errors:0 | 52.9min left
    38500/64690 | success:38500 errors:0 | 51.9min left
    39000/64690 | success:39000 errors:0 | 50.9min left
    39500/64690 | success:39500 errors:0 | 49.9min left
    40000/64690 | success:40000 errors:0 | 49.0min left
    40500/64690 | success:40500 errors:0 | 48.0min left
    41000/64690 | success:41000 errors:0 | 47.0min left
    41500/64690 | success:41500 errors:0 | 46.0min left
    42000/64690 | success:42000 errors:0 | 45.0min left
    42500/64690 | success:42500 errors:0 | 44.0min left
    43000/64690 | success:43000 errors:0 | 43.0min left
    43500/64690 | success:43500 errors:0 | 42.0min left
    44000/64690 | success:44000 errors:0 | 41.1min left
    44500/64690 | success:44500 errors:0 | 40.1min left
    45000/64690 | success:45000 errors:0 | 39.1min left
    45500/64690 | success:45500 errors:0 | 38.1min left
    46000/64690 | success:46000 errors:0 | 37.1min left
    46500/64690 | success:46500 errors:0 | 36.1min left
    47000/64690 | success:47000 errors:0 | 35.1min left
    47500/64690 | success:47500 errors:0 | 34.1min left
    48000/64690 | success:48000 errors:0 | 33.1min left
    48500/64690 | success:48500 errors:0 | 32.2min left
    49000/64690 | success:49000 errors:0 | 31.2min left
    49500/64690 | success:49500 errors:0 | 30.2min left
    50000/64690 | success:50000 errors:0 | 29.2min left
    50500/64690 | success:50500 errors:0 | 28.2min left
    51000/64690 | success:51000 errors:0 | 27.2min left
    51500/64690 | success:51500 errors:0 | 26.2min left
    52000/64690 | success:52000 errors:0 | 25.2min left
    52500/64690 | success:52500 errors:0 | 24.2min left
    53000/64690 | success:53000 errors:0 | 23.2min left
    53500/64690 | success:53500 errors:0 | 22.2min left
    54000/64690 | success:54000 errors:0 | 21.3min left
    54500/64690 | success:54500 errors:0 | 20.3min left
    55000/64690 | success:55000 errors:0 | 19.3min left
    55500/64690 | success:55500 errors:0 | 18.3min left
    56000/64690 | success:56000 errors:0 | 17.3min left
    56500/64690 | success:56500 errors:0 | 16.3min left
    57000/64690 | success:57000 errors:0 | 15.3min left
    57500/64690 | success:57500 errors:0 | 14.3min left
    58000/64690 | success:58000 errors:0 | 13.3min left
    58500/64690 | success:58500 errors:0 | 12.3min left
    59000/64690 | success:59000 errors:0 | 11.3min left
    59500/64690 | success:59500 errors:0 | 10.3min left
    60000/64690 | success:60000 errors:0 | 9.3min left
    60500/64690 | success:60500 errors:0 | 8.3min left
    61000/64690 | success:61000 errors:0 | 7.3min left
    61500/64690 | success:61500 errors:0 | 6.4min left
    62000/64690 | success:62000 errors:0 | 5.4min left
    62500/64690 | success:62500 errors:0 | 4.4min left
    63000/64690 | success:63000 errors:0 | 3.4min left
    63500/64690 | success:63500 errors:0 | 2.4min left
    64000/64690 | success:64000 errors:0 | 1.4min left
    64500/64690 | success:64500 errors:0 | 0.4min left

  PUSH COMPLETE: 64,690 success, 0 errors in 128.9min

======================================================================
  NEXT: Wire rolling columns into ncaa_build_features()
  New features: roll_star1_share_diff, roll_bench_share_diff,
                roll_hhi_diff, roll_players_used_diff, etc.
======================================================================
